[    25.992] (--) Log file renamed from "/home/docker/.local/share/xorg/Xorg.pid-2135.log" to "/home/docker/.local/share/xorg/Xorg.0.log"
[    25.993] 
X.Org X Server 1.19.6
Release Date: 2017-12-20
[    25.993] X Protocol Version 11, Revision 0
[    25.993] Build Operating System: Linux 5.4.0-121-generic x86_64 Ubuntu
[    25.993] Current Operating System: Linux docker-virtual-machine 4.15.0-191-generic #202-Ubuntu SMP Thu Aug 4 01:49:29 UTC 2022 x86_64
[    25.993] Kernel command line: BOOT_IMAGE=/boot/vmlinuz-4.15.0-191-generic root=UUID=355c1b9e-0f0c-42d3-9372-4a8d37994917 ro find_preseed=/preseed.cfg auto noprompt priority=critical locale=en_US quiet
[    25.993] Build Date: 07 July 2022  05:11:20PM
[    25.993] xorg-server 2:1.19.6-1ubuntu4.11 (For technical support please see http://www.ubuntu.com/support) 
[    25.993] Current version of pixman: 0.34.0
[    25.993] 	Before reporting problems, check http://wiki.x.org
	to make sure that you have the latest version.
[    25.993] Markers: (--) probed, (**) from config file, (==) default setting,
	(++) from command line, (!!) notice, (II) informational,
	(WW) warning, (EE) error, (NI) not implemented, (??) unknown.
[    25.993] (==) Log file: "/home/docker/.local/share/xorg/Xorg.0.log", Time: Sun Aug 14 21:22:01 2022
[    25.994] (==) Using system config directory "/usr/share/X11/xorg.conf.d"
[    25.996] (==) No Layout section.  Using the first Screen section.
[    25.996] (==) No screen section available. Using defaults.
[    25.996] (**) |-->Screen "Default Screen Section" (0)
[    25.996] (**) |   |-->Monitor "<default monitor>"
[    25.997] (==) No monitor specified for screen "Default Screen Section".
	Using a default monitor configuration.
[    25.997] (==) Automatically adding devices
[    25.997] (==) Automatically enabling devices
[    25.997] (==) Automatically adding GPU devices
[    25.997] (==) Automatically binding GPU devices
[    25.997] (==) Max clients allowed: 256, resource mask: 0x1fffff
[    25.997] (WW) The directory "/usr/share/fonts/X11/cyrillic" does not exist.
[    25.997] 	Entry deleted from font path.
[    25.997] (WW) The directory "/usr/share/fonts/X11/100dpi/" does not exist.
[    25.997] 	Entry deleted from font path.
[    25.997] (WW) The directory "/usr/share/fonts/X11/75dpi/" does not exist.
[    25.997] 	Entry deleted from font path.
[    25.997] (WW) The directory "/usr/share/fonts/X11/100dpi" does not exist.
[    25.997] 	Entry deleted from font path.
[    25.997] (WW) The directory "/usr/share/fonts/X11/75dpi" does not exist.
[    25.997] 	Entry deleted from font path.
[    25.997] (==) FontPath set to:
	/usr/share/fonts/X11/misc,
	/usr/share/fonts/X11/Type1,
	built-ins
[    25.997] (==) ModulePath set to "/usr/lib/xorg/modules"
[    25.997] (II) The server relies on udev to provide the list of input devices.
	If no devices become available, reconfigure udev or disable AutoAddDevices.
[    25.998] (II) Loader magic: 0x55d654634020
[    25.998] (II) Module ABI versions:
[    25.998] 	X.Org ANSI C Emulation: 0.4
[    25.998] 	X.Org Video Driver: 23.0
[    25.998] 	X.Org XInput driver : 24.1
[    25.998] 	X.Org Server Extension : 10.0
[    25.999] (++) using VT number 2

[    26.002] (II) systemd-logind: took control of session /org/freedesktop/login1/session/_32
[    26.003] (II) xfree86: Adding drm device (/dev/dri/card0)
[    26.004] (II) systemd-logind: got fd for /dev/dri/card0 226:0 fd 12 paused 0
[    26.010] (--) PCI:*(0:0:15:0) 15ad:0405:15ad:0405 rev 0, Mem @ 0xe8000000/134217728, 0xfe000000/8388608, I/O @ 0x00001070/16, BIOS @ 0x????????/131072
[    26.010] (II) LoadModule: "glx"
[    26.024] (II) Loading /usr/lib/xorg/modules/extensions/libglx.so
[    26.035] (II) Module glx: vendor="X.Org Foundation"
[    26.036] 	compiled for 1.19.6, module version = 1.0.0
[    26.036] 	ABI class: X.Org Server Extension, version 10.0
[    26.036] (==) Matched vmware as autoconfigured driver 0
[    26.036] (==) Matched vmware as autoconfigured driver 1
[    26.036] (==) Matched modesetting as autoconfigured driver 2
[    26.036] (==) Matched fbdev as autoconfigured driver 3
[    26.036] (==) Matched vesa as autoconfigured driver 4
[    26.036] (==) Assigned the driver to the xf86ConfigLayout
[    26.036] (II) LoadModule: "vmware"
[    26.037] (II) Loading /usr/lib/xorg/modules/drivers/vmware_drv.so
[    26.089] (II) Module vmware: vendor="X.Org Foundation"
[    26.089] 	compiled for 1.19.3, module version = 13.2.1
[    26.089] 	Module class: X.Org Video Driver
[    26.089] 	ABI class: X.Org Video Driver, version 23.0
[    26.090] (II) LoadModule: "modesetting"
[    26.090] (II) Loading /usr/lib/xorg/modules/drivers/modesetting_drv.so
[    26.091] (II) Module modesetting: vendor="X.Org Foundation"
[    26.091] 	compiled for 1.19.6, module version = 1.19.6
[    26.091] 	Module class: X.Org Video Driver
[    26.091] 	ABI class: X.Org Video Driver, version 23.0
[    26.091] (II) LoadModule: "fbdev"
[    26.091] (II) Loading /usr/lib/xorg/modules/drivers/fbdev_drv.so
[    26.092] (II) Module fbdev: vendor="X.Org Foundation"
[    26.092] 	compiled for 1.19.3, module version = 0.4.4
[    26.092] 	Module class: X.Org Video Driver
[    26.092] 	ABI class: X.Org Video Driver, version 23.0
[    26.092] (II) LoadModule: "vesa"
[    26.092] (II) Loading /usr/lib/xorg/modules/drivers/vesa_drv.so
[    26.093] (II) Module vesa: vendor="X.Org Foundation"
[    26.093] 	compiled for 1.19.3, module version = 2.3.4
[    26.093] 	Module class: X.Org Video Driver
[    26.093] 	ABI class: X.Org Video Driver, version 23.0
[    26.093] (II) vmware: driver for VMware SVGA: vmware0405, vmware0710
[    26.093] (II) modesetting: Driver for Modesetting Kernel Drivers: kms
[    26.093] (II) FBDEV: driver for framebuffer: fbdev
[    26.093] (II) VESA: driver for VESA chipsets: vesa
[    26.093] xf86EnableIOPorts: failed to set IOPL for I/O (Operation not permitted)
[    26.093] (WW) Falling back to old probe method for modesetting
[    26.093] (WW) Falling back to old probe method for fbdev
[    26.093] (II) Loading sub module "fbdevhw"
[    26.093] (II) LoadModule: "fbdevhw"
[    26.094] (II) Loading /usr/lib/xorg/modules/libfbdevhw.so
[    26.095] (II) Module fbdevhw: vendor="X.Org Foundation"
[    26.095] 	compiled for 1.19.6, module version = 0.0.2
[    26.095] 	ABI class: X.Org Video Driver, version 23.0
[    26.095] (EE) open /dev/fb0: Permission denied
[    26.095] (WW) Falling back to old probe method for vesa
[    26.095] (WW) VGA arbiter: cannot open kernel arbiter, no multi-card support
[    26.095] (II) vmware(0): Creating default Display subsection in Screen section
	"Default Screen Section" for depth/fbbpp 24/32
[    26.095] (--) vmware(0): DRM driver version is 2.14.0
[    26.095] (==) vmware(0): Depth 24, (--) framebuffer bpp 32
[    26.095] (==) vmware(0): RGB weight 888
[    26.095] (==) vmware(0): Default visual is TrueColor
[    26.095] (--) vmware(0): Min width 1, Max Width 8192.
[    26.095] (--) vmware(0): Min height 1, Max Height 8192.
[    26.096] (II) vmware(0): Output Virtual1 has no monitor section
[    26.096] (II) vmware(0): Output Virtual2 has no monitor section
[    26.096] (II) vmware(0): Output Virtual3 has no monitor section
[    26.096] (II) vmware(0): Output Virtual4 has no monitor section
[    26.096] (II) vmware(0): Output Virtual5 has no monitor section
[    26.096] (II) vmware(0): Output Virtual6 has no monitor section
[    26.096] (II) vmware(0): Output Virtual7 has no monitor section
[    26.096] (II) vmware(0): Output Virtual8 has no monitor section
[    26.096] (II) vmware(0): Printing probed modes for output Virtual1
[    26.096] (II) vmware(0): Modeline "800x600"x60.0   42.75  800 850 900 950  600 650 700 750 -hsync +vsync (45.0 kHz eP)
[    26.096] (II) vmware(0): Modeline "2560x1600"x60.0  348.50  2560 2752 3032 3504  1600 1603 1609 1658 -hsync +vsync (99.5 kHz e)
[    26.096] (II) vmware(0): Modeline "1920x1440"x60.0  234.00  1920 2048 2256 2600  1440 1441 1444 1500 -hsync +vsync (90.0 kHz e)
[    26.096] (II) vmware(0): Modeline "1856x1392"x60.0  218.25  1856 1952 2176 2528  1392 1393 1396 1439 -hsync +vsync (86.3 kHz e)
[    26.096] (II) vmware(0): Modeline "1792x1344"x60.0  204.75  1792 1920 2120 2448  1344 1345 1348 1394 -hsync +vsync (83.6 kHz e)
[    26.096] (II) vmware(0): Modeline "1920x1200"x59.9  193.25  1920 2056 2256 2592  1200 1203 1209 1245 -hsync +vsync (74.6 kHz e)
[    26.096] (II) vmware(0): Modeline "1600x1200"x60.0  162.00  1600 1664 1856 2160  1200 1201 1204 1250 +hsync +vsync (75.0 kHz e)
[    26.096] (II) vmware(0): Modeline "1680x1050"x60.0  146.25  1680 1784 1960 2240  1050 1053 1059 1089 -hsync +vsync (65.3 kHz e)
[    26.096] (II) vmware(0): Modeline "1400x1050"x60.0  121.75  1400 1488 1632 1864  1050 1053 1057 1089 -hsync +vsync (65.3 kHz e)
[    26.096] (II) vmware(0): Modeline "1280x1024"x60.0  108.00  1280 1328 1440 1688  1024 1025 1028 1066 +hsync +vsync (64.0 kHz e)
[    26.096] (II) vmware(0): Modeline "1440x900"x59.9  106.50  1440 1520 1672 1904  900 903 909 934 -hsync +vsync (55.9 kHz e)
[    26.096] (II) vmware(0): Modeline "1280x960"x60.0  108.00  1280 1376 1488 1800  960 961 964 1000 +hsync +vsync (60.0 kHz e)
[    26.096] (II) vmware(0): Modeline "1360x768"x60.0   85.50  1360 1424 1536 1792  768 771 777 795 +hsync +vsync (47.7 kHz e)
[    26.096] (II) vmware(0): Modeline "1280x800"x59.8   83.50  1280 1352 1480 1680  800 803 809 831 +hsync -vsync (49.7 kHz e)
[    26.096] (II) vmware(0): Modeline "1152x864"x75.0  108.00  1152 1216 1344 1600  864 865 868 900 +hsync +vsync (67.5 kHz e)
[    26.097] (II) vmware(0): Modeline "1280x768"x59.9   79.50  1280 1344 1472 1664  768 771 778 798 -hsync +vsync (47.8 kHz e)
[    26.097] (II) vmware(0): Modeline "1024x768"x60.0   65.00  1024 1048 1184 1344  768 771 777 806 -hsync -vsync (48.4 kHz e)
[    26.097] (II) vmware(0): Modeline "800x600"x60.3   40.00  800 840 968 1056  600 601 605 628 +hsync +vsync (37.9 kHz e)
[    26.097] (II) vmware(0): Modeline "640x480"x59.9   25.18  640 656 752 800  480 489 492 525 -hsync -vsync (31.5 kHz e)
[    26.097] (II) vmware(0): EDID for output Virtual2
[    26.097] (II) vmware(0): EDID for output Virtual3
[    26.097] (II) vmware(0): EDID for output Virtual4
[    26.097] (II) vmware(0): EDID for output Virtual5
[    26.097] (II) vmware(0): EDID for output Virtual6
[    26.097] (II) vmware(0): EDID for output Virtual7
[    26.097] (II) vmware(0): EDID for output Virtual8
[    26.097] (II) vmware(0): Output Virtual1 connected
[    26.097] (II) vmware(0): Output Virtual2 disconnected
[    26.097] (II) vmware(0): Output Virtual3 disconnected
[    26.097] (II) vmware(0): Output Virtual4 disconnected
[    26.097] (II) vmware(0): Output Virtual5 disconnected
[    26.097] (II) vmware(0): Output Virtual6 disconnected
[    26.097] (II) vmware(0): Output Virtual7 disconnected
[    26.097] (II) vmware(0): Output Virtual8 disconnected
[    26.097] (II) vmware(0): Using exact sizes for initial modes
[    26.097] (II) vmware(0): Output Virtual1 using initial mode 800x600 +0+0
[    26.097] (==) vmware(0): DPI set to (96, 96)
[    26.097] (==) vmware(0): Using gamma correction (1.0, 1.0, 1.0)
[    26.097] (II) Loading sub module "fb"
[    26.097] (II) LoadModule: "fb"
[    26.097] (II) Loading /usr/lib/xorg/modules/libfb.so
[    26.098] (II) Module fb: vendor="X.Org Foundation"
[    26.098] 	compiled for 1.19.6, module version = 1.0.0
[    26.098] 	ABI class: X.Org ANSI C Emulation, version 0.4
[    26.098] (II) Loading sub module "dri2"
[    26.098] (II) LoadModule: "dri2"
[    26.099] (II) Module "dri2" already built-in
[    26.099] (II) UnloadModule: "modesetting"
[    26.099] (II) Unloading modesetting
[    26.099] (II) UnloadModule: "fbdev"
[    26.099] (II) Unloading fbdev
[    26.099] (II) UnloadSubModule: "fbdevhw"
[    26.099] (II) Unloading fbdevhw
[    26.099] (II) UnloadModule: "vesa"
[    26.099] (II) Unloading vesa
[    26.099] (==) Depth 24 pixmap format is 32 bpp
[    26.100] (II) vmware(0): Initialized VMWARE_CTRL extension version 0.2
[    26.125] (II) vmware(0): Gallium3D XA version: 2.5.0.
[    26.126] (II) vmware(0): Path of drm device is "/dev/dri/card0".
[    26.126] (II) vmware(0): [DRI2] Setup complete
[    26.126] (II) vmware(0): [DRI2]   DRI driver: vmwgfx
[    26.126] (--) vmware(0): Render acceleration is enabled.
[    26.126] (==) vmware(0): Rendercheck mode is disabled.
[    26.126] (--) vmware(0): Direct rendering (3D) is enabled.
[    26.126] (==) vmware(0): Direct presents are disabled.
[    26.126] (==) vmware(0): Hardware only presents are automatic per scanout.
[    26.126] (==) vmware(0): Backing store enabled
[    26.126] (==) vmware(0): Silken mouse enabled
[    26.126] (II) vmware(0): RandR 1.2 enabled, ignore the following RandR disabled message.
[    26.127] (==) vmware(0): DPMS enabled
[    26.127] (--) RandR disabled
[    26.130] (II) SELinux: Disabled on system
[    26.146] (II) AIGLX: enabled GLX_MESA_copy_sub_buffer
[    26.146] (II) AIGLX: enabled GLX_ARB_create_context
[    26.146] (II) AIGLX: enabled GLX_ARB_create_context_profile
[    26.146] (II) AIGLX: enabled GLX_EXT_create_context_es{,2}_profile
[    26.146] (II) AIGLX: enabled GLX_EXT_framebuffer_sRGB
[    26.146] (II) AIGLX: enabled GLX_ARB_fbconfig_float
[    26.146] (II) AIGLX: enabled GLX_EXT_fbconfig_packed_float
[    26.146] (II) AIGLX: GLX_EXT_texture_from_pixmap backed by buffer objects
[    26.147] (II) AIGLX: Loaded and initialized vmwgfx
[    26.147] (II) GLX: Initialized DRI2 GL provider for screen 0
[    26.157] (II) vmware(0): Setting screen physical size to 211 x 158
[    26.197] (II) config/udev: Adding input device Power Button (/dev/input/event0)
[    26.197] (**) Power Button: Applying InputClass "libinput keyboard catchall"
[    26.197] (II) LoadModule: "libinput"
[    26.197] (II) Loading /usr/lib/xorg/modules/input/libinput_drv.so
[    26.199] (II) Module libinput: vendor="X.Org Foundation"
[    26.199] 	compiled for 1.19.6, module version = 0.27.1
[    26.199] 	Module class: X.Org XInput Driver
[    26.199] 	ABI class: X.Org XInput driver, version 24.1
[    26.199] (II) Using input driver 'libinput' for 'Power Button'
[    26.201] (II) systemd-logind: got fd for /dev/input/event0 13:64 fd 24 paused 0
[    26.201] (**) Power Button: always reports core events
[    26.201] (**) Option "Device" "/dev/input/event0"
[    26.201] (**) Option "_source" "server/udev"
[    26.201] (II) event0  - Power Button: is tagged by udev as: Keyboard
[    26.201] (II) event0  - Power Button: device is a keyboard
[    26.201] (II) event0  - Power Button: device removed
[    26.201] (**) Option "config_info" "udev:/sys/devices/LNXSYSTM:00/LNXPWRBN:00/input/input0/event0"
[    26.201] (II) XINPUT: Adding extended input device "Power Button" (type: KEYBOARD, id 6)
[    26.201] (**) Option "xkb_model" "SKIP"
[    26.201] (**) Option "xkb_layout" "us"
[    26.225] (II) event0  - Power Button: is tagged by udev as: Keyboard
[    26.225] (II) event0  - Power Button: device is a keyboard
[    26.226] (II) config/udev: Adding input device VMware VMware Virtual USB Mouse (/dev/input/event4)
[    26.226] (**) VMware VMware Virtual USB Mouse: Applying InputClass "libinput pointer catchall"
[    26.226] (II) Using input driver 'libinput' for 'VMware VMware Virtual USB Mouse'
[    26.284] (II) systemd-logind: got fd for /dev/input/event4 13:68 fd 27 paused 0
[    26.284] (**) VMware VMware Virtual USB Mouse: always reports core events
[    26.284] (**) Option "Device" "/dev/input/event4"
[    26.284] (**) Option "_source" "server/udev"
[    26.285] (II) event4  - VMware VMware Virtual USB Mouse: is tagged by udev as: Mouse
[    26.285] (II) event4  - VMware VMware Virtual USB Mouse: device is a pointer
[    26.285] (II) event4  - VMware VMware Virtual USB Mouse: device removed
[    26.285] (**) Option "config_info" "udev:/sys/devices/pci0000:00/0000:00:11.0/0000:02:00.0/usb2/2-1/2-1:1.0/0003:0E0F:0003.0001/input/input5/event4"
[    26.285] (II) XINPUT: Adding extended input device "VMware VMware Virtual USB Mouse" (type: MOUSE, id 7)
[    26.285] (**) Option "AccelerationScheme" "none"
[    26.285] (**) VMware VMware Virtual USB Mouse: (accel) selected scheme none/0
[    26.285] (**) VMware VMware Virtual USB Mouse: (accel) acceleration factor: 2.000
[    26.285] (**) VMware VMware Virtual USB Mouse: (accel) acceleration threshold: 4
[    26.285] (II) event4  - VMware VMware Virtual USB Mouse: is tagged by udev as: Mouse
[    26.285] (II) event4  - VMware VMware Virtual USB Mouse: device is a pointer
[    26.285] (II) config/udev: Adding input device VMware VMware Virtual USB Mouse (/dev/input/mouse2)
[    26.285] (II) No input driver specified, ignoring this device.
[    26.285] (II) This device may have been added with another device file.
[    26.286] (II) config/udev: Adding input device AT Translated Set 2 keyboard (/dev/input/event1)
[    26.286] (**) AT Translated Set 2 keyboard: Applying InputClass "libinput keyboard catchall"
[    26.286] (II) Using input driver 'libinput' for 'AT Translated Set 2 keyboard'
[    26.286] (II) systemd-logind: got fd for /dev/input/event1 13:65 fd 28 paused 0
[    26.286] (**) AT Translated Set 2 keyboard: always reports core events
[    26.286] (**) Option "Device" "/dev/input/event1"
[    26.286] (**) Option "_source" "server/udev"
[    26.288] (II) event1  - AT Translated Set 2 keyboard: is tagged by udev as: Keyboard
[    26.288] (II) event1  - AT Translated Set 2 keyboard: device is a keyboard
[    26.288] (II) event1  - AT Translated Set 2 keyboard: device removed
[    26.288] (**) Option "config_info" "udev:/sys/devices/platform/i8042/serio0/input/input1/event1"
[    26.288] (II) XINPUT: Adding extended input device "AT Translated Set 2 keyboard" (type: KEYBOARD, id 8)
[    26.288] (**) Option "xkb_model" "SKIP"
[    26.288] (**) Option "xkb_layout" "us"
[    26.290] (II) event1  - AT Translated Set 2 keyboard: is tagged by udev as: Keyboard
[    26.290] (II) event1  - AT Translated Set 2 keyboard: device is a keyboard
[    26.290] (II) config/udev: Adding input device VirtualPS/2 VMware VMMouse (/dev/input/event3)
[    26.290] (**) VirtualPS/2 VMware VMMouse: Applying InputClass "libinput pointer catchall"
[    26.290] (II) Using input driver 'libinput' for 'VirtualPS/2 VMware VMMouse'
[    26.292] (II) systemd-logind: got fd for /dev/input/event3 13:67 fd 29 paused 0
[    26.292] (**) VirtualPS/2 VMware VMMouse: always reports core events
[    26.292] (**) Option "Device" "/dev/input/event3"
[    26.292] (**) Option "_source" "server/udev"
[    26.293] (II) event3  - VirtualPS/2 VMware VMMouse: is tagged by udev as: Mouse
[    26.293] (II) event3  - VirtualPS/2 VMware VMMouse: device is a pointer
[    26.293] (II) event3  - VirtualPS/2 VMware VMMouse: device removed
[    26.293] (**) Option "config_info" "udev:/sys/devices/platform/i8042/serio1/input/input3/event3"
[    26.293] (II) XINPUT: Adding extended input device "VirtualPS/2 VMware VMMouse" (type: MOUSE, id 9)
[    26.294] (**) Option "AccelerationScheme" "none"
[    26.294] (**) VirtualPS/2 VMware VMMouse: (accel) selected scheme none/0
[    26.294] (**) VirtualPS/2 VMware VMMouse: (accel) acceleration factor: 2.000
[    26.294] (**) VirtualPS/2 VMware VMMouse: (accel) acceleration threshold: 4
[    26.295] (II) event3  - VirtualPS/2 VMware VMMouse: is tagged by udev as: Mouse
[    26.295] (II) event3  - VirtualPS/2 VMware VMMouse: device is a pointer
[    26.296] (II) config/udev: Adding input device VirtualPS/2 VMware VMMouse (/dev/input/mouse1)
[    26.296] (II) No input driver specified, ignoring this device.
[    26.296] (II) This device may have been added with another device file.
[    26.297] (II) config/udev: Adding input device VirtualPS/2 VMware VMMouse (/dev/input/event2)
[    26.297] (**) VirtualPS/2 VMware VMMouse: Applying InputClass "libinput pointer catchall"
[    26.297] (II) Using input driver 'libinput' for 'VirtualPS/2 VMware VMMouse'
[    26.298] (II) systemd-logind: got fd for /dev/input/event2 13:66 fd 30 paused 0
[    26.298] (**) VirtualPS/2 VMware VMMouse: always reports core events
[    26.298] (**) Option "Device" "/dev/input/event2"
[    26.298] (**) Option "_source" "server/udev"
[    26.299] (II) event2  - VirtualPS/2 VMware VMMouse: is tagged by udev as: Mouse
[    26.299] (II) event2  - VirtualPS/2 VMware VMMouse: device is a pointer
[    26.299] (II) event2  - VirtualPS/2 VMware VMMouse: device removed
[    26.299] (**) Option "config_info" "udev:/sys/devices/platform/i8042/serio1/input/input4/event2"
[    26.299] (II) XINPUT: Adding extended input device "VirtualPS/2 VMware VMMouse" (type: MOUSE, id 10)
[    26.300] (**) Option "AccelerationScheme" "none"
[    26.300] (**) VirtualPS/2 VMware VMMouse: (accel) selected scheme none/0
[    26.300] (**) VirtualPS/2 VMware VMMouse: (accel) acceleration factor: 2.000
[    26.300] (**) VirtualPS/2 VMware VMMouse: (accel) acceleration threshold: 4
[    26.301] (II) event2  - VirtualPS/2 VMware VMMouse: is tagged by udev as: Mouse
[    26.301] (II) event2  - VirtualPS/2 VMware VMMouse: device is a pointer
[    26.301] (II) config/udev: Adding input device VirtualPS/2 VMware VMMouse (/dev/input/mouse0)
[    26.301] (II) No input driver specified, ignoring this device.
[    26.301] (II) This device may have been added with another device file.
